<?xml version="1.0" encoding="UTF-8"?>
<!-- Generated by org.testng.reporters.JUnitXMLReporter -->
<testsuite ignored="3" hostname="DESKTOP-JGGFO6P" failures="0" tests="3" name="Test" time="12.857" errors="0" timestamp="2022-09-28T07:07:22 IST">
  <testcase classname="saurabh.FaceBookloginTest" name="LoginWithValidCredentails" time="12.751"/>
  <testcase classname="saurabh.Autonation1" name="test2" time="0.004"/>
  <testcase classname="saurabh.Autonation1" name="test3" time="0.005"/>
  <testcase classname="saurabh.Autonation1" name="test1" time="0.0">
    <ignored/>
  </testcase> <!-- test1 -->
  <testcase classname="saurabh.FaceBookloginTest" name="LoginWithoutPassword" time="0.0">
    <ignored/>
  </testcase> <!-- LoginWithoutPassword -->
  <testcase classname="saurabh.FaceBookloginTest" name="LoginWithoutEmailId" time="0.0">
    <ignored/>
  </testcase> <!-- LoginWithoutEmailId -->
</testsuite> <!-- Test -->
